Traceback (most recent call last):
  File "/home/runner/.cache/pypoetry/virtualenvs/pyvlasiator-6je_aWmi-py3.11/lib/python3.11/site-packages/jupyter_cache/executors/utils.py", line 58, in single_nb_execution
    executenb(
  File "/home/runner/.cache/pypoetry/virtualenvs/pyvlasiator-6je_aWmi-py3.11/lib/python3.11/site-packages/nbclient/client.py", line 1314, in execute
    return NotebookClient(nb=nb, resources=resources, km=km, **kwargs).execute()
           ^^^^^^^^^^^^^^^^^^^^^^^^^^^^^^^^^^^^^^^^^^^^^^^^^^^^^^^^^^^^^^^^^^^^^
  File "/home/runner/.cache/pypoetry/virtualenvs/pyvlasiator-6je_aWmi-py3.11/lib/python3.11/site-packages/jupyter_core/utils/__init__.py", line 165, in wrapped
    return loop.run_until_complete(inner)
           ^^^^^^^^^^^^^^^^^^^^^^^^^^^^^^
  File "/opt/hostedtoolcache/Python/3.11.9/x64/lib/python3.11/asyncio/base_events.py", line 654, in run_until_complete
    return future.result()
           ^^^^^^^^^^^^^^^
  File "/home/runner/.cache/pypoetry/virtualenvs/pyvlasiator-6je_aWmi-py3.11/lib/python3.11/site-packages/nbclient/client.py", line 709, in async_execute
    await self.async_execute_cell(
  File "/home/runner/.cache/pypoetry/virtualenvs/pyvlasiator-6je_aWmi-py3.11/lib/python3.11/site-packages/nbclient/client.py", line 1062, in async_execute_cell
    await self._check_raise_for_error(cell, cell_index, exec_reply)
  File "/home/runner/.cache/pypoetry/virtualenvs/pyvlasiator-6je_aWmi-py3.11/lib/python3.11/site-packages/nbclient/client.py", line 918, in _check_raise_for_error
    raise CellExecutionError.from_cell_and_msg(cell, exec_reply_content)
nbclient.exceptions.CellExecutionError: An error occurred while executing the following cell:
------------------
file = "data/bulk.2d.vlsv"
meta = Vlsv(file)
meta.pcolormesh("proton/vg_b_vol", comp=1)
meta.streamplot("proton/vg_v", comp="xy", color="w")
------------------


[0;31m---------------------------------------------------------------------------[0m
[0;31mValueError[0m                                Traceback (most recent call last)
Cell [0;32mIn[7], line 3[0m
[1;32m      1[0m file [38;5;241m=[39m [38;5;124m"[39m[38;5;124mdata/bulk.2d.vlsv[39m[38;5;124m"[39m
[1;32m      2[0m meta [38;5;241m=[39m Vlsv(file)
[0;32m----> 3[0m [43mmeta[49m[38;5;241;43m.[39;49m[43mpcolormesh[49m[43m([49m[38;5;124;43m"[39;49m[38;5;124;43mproton/vg_b_vol[39;49m[38;5;124;43m"[39;49m[43m,[49m[43m [49m[43mcomp[49m[38;5;241;43m=[39;49m[38;5;241;43m1[39;49m[43m)[49m
[1;32m      4[0m meta[38;5;241m.[39mstreamplot([38;5;124m"[39m[38;5;124mproton/vg_v[39m[38;5;124m"[39m, comp[38;5;241m=[39m[38;5;124m"[39m[38;5;124mxy[39m[38;5;124m"[39m, color[38;5;241m=[39m[38;5;124m"[39m[38;5;124mw[39m[38;5;124m"[39m)

File [0;32m~/work/pyvlasiator/pyvlasiator/src/pyvlasiator/plot/plot.py:179[0m, in [0;36mpcolormesh[0;34m(self, var, axisunit, colorscale, addcolorbar, vmin, vmax, extent, comp, ax, figsize, **kwargs)[0m
[1;32m    132[0m [38;5;250m[39m[38;5;124;03m"""[39;00m
[1;32m    133[0m [38;5;124;03mPlots 2D VLSV data using pcolormesh.[39;00m
[1;32m    134[0m 
[0;32m   (...)[0m
[1;32m    174[0m [38;5;124;03m>>> fig = vlsv_file.pcolormesh("proton/vg_v", ax=ax)[39;00m
[1;32m    175[0m [38;5;124;03m"""[39;00m
[1;32m    177[0m fig, ax [38;5;241m=[39m set_figure(ax, figsize, [38;5;241m*[39m[38;5;241m*[39mkwargs)
[0;32m--> 179[0m [38;5;28;01mreturn[39;00m [43m_plot2d[49m[43m([49m
[1;32m    180[0m [43m    [49m[38;5;28;43mself[39;49m[43m,[49m
[1;32m    181[0m [43m    [49m[43max[49m[38;5;241;43m.[39;49m[43mpcolormesh[49m[43m,[49m
[1;32m    182[0m [43m    [49m[43mvar[49m[38;5;241;43m=[39;49m[43mvar[49m[43m,[49m
[1;32m    183[0m [43m    [49m[43max[49m[38;5;241;43m=[39;49m[43max[49m[43m,[49m
[1;32m    184[0m [43m    [49m[43mcomp[49m[38;5;241;43m=[39;49m[43mcomp[49m[43m,[49m
[1;32m    185[0m [43m    [49m[43maxisunit[49m[38;5;241;43m=[39;49m[43maxisunit[49m[43m,[49m
[1;32m    186[0m [43m    [49m[43mcolorscale[49m[38;5;241;43m=[39;49m[43mcolorscale[49m[43m,[49m
[1;32m    187[0m [43m    [49m[43maddcolorbar[49m[38;5;241;43m=[39;49m[43maddcolorbar[49m[43m,[49m
[1;32m    188[0m [43m    [49m[43mvmin[49m[38;5;241;43m=[39;49m[43mvmin[49m[43m,[49m
[1;32m    189[0m [43m    [49m[43mvmax[49m[38;5;241;43m=[39;49m[43mvmax[49m[43m,[49m
[1;32m    190[0m [43m    [49m[43mextent[49m[38;5;241;43m=[39;49m[43mextent[49m[43m,[49m
[1;32m    191[0m [43m    [49m[38;5;241;43m*[39;49m[38;5;241;43m*[39;49m[43mkwargs[49m[43m,[49m
[1;32m    192[0m [43m[49m[43m)[49m

File [0;32m~/work/pyvlasiator/pyvlasiator/src/pyvlasiator/plot/plot.py:287[0m, in [0;36m_plot2d[0;34m(meta, plot_func, var, axisunit, colorscale, addcolorbar, vmin, vmax, extent, comp, ax, **kwargs)[0m
[1;32m    273[0m [38;5;250m[39m[38;5;124;03m"""[39;00m
[1;32m    274[0m [38;5;124;03mPlot 2d data.[39;00m
[1;32m    275[0m 
[0;32m   (...)[0m
[1;32m    283[0m 
[1;32m    284[0m [38;5;124;03m"""[39;00m
[1;32m    286[0m [38;5;28;01mif[39;00m [38;5;129;01mnot[39;00m meta[38;5;241m.[39mhas_variable(var):
[0;32m--> 287[0m     [38;5;28;01mraise[39;00m [38;5;167;01mValueError[39;00m([38;5;124mf[39m[38;5;124m"[39m[38;5;124mVariable [39m[38;5;132;01m{[39;00mvar[38;5;132;01m}[39;00m[38;5;124m not found in the file[39m[38;5;124m"[39m)
[1;32m    289[0m [38;5;28;01mif[39;00m meta[38;5;241m.[39mndims() [38;5;241m==[39m [38;5;241m3[39m [38;5;129;01mor[39;00m meta[38;5;241m.[39mmaxamr [38;5;241m>[39m [38;5;241m0[39m:
[1;32m    290[0m     [38;5;66;03m# check if origin and normal exist in kwargs[39;00m
[1;32m    291[0m     normal [38;5;241m=[39m kwargs[[38;5;124m"[39m[38;5;124mnormal[39m[38;5;124m"[39m] [38;5;28;01mif[39;00m [38;5;124m"[39m[38;5;124mnormal[39m[38;5;124m"[39m [38;5;129;01min[39;00m kwargs [38;5;28;01melse[39;00m [38;5;241m1[39m

[0;31mValueError[0m: Variable proton/vg_b_vol not found in the file

